kotlin version: 2.0.21
error message: org.jetbrains.kotlin.backend.common.CompilationException: Back-end: Please report this problem https://kotl.in/issue
C:/Users/trong/AndroidStudioProjects/DemoTodo/app/src/main/java/com/example/demotodo/LoginActivity.kt:-1:-1
Details: Internal error in file lowering: java.lang.AssertionError: Error occurred while optimizing an expression:
CALL 'public abstract fun userDao (): @[FlexibleNullability] com.example.demotodo.DAO.UserDao? declared in com.example.demotodo.data.AppDatabase' type=@[FlexibleNullability] com.example.demotodo.DAO.UserDao? origin=null
  $this: CALL 'public open fun getDatabase (context: @[FlexibleNullability] android.content.Context?): @[FlexibleNullability] com.example.demotodo.data.AppDatabase? declared in com.example.demotodo.data.AppDatabase' type=@[FlexibleNullability] com.example.demotodo.data.AppDatabase? origin=null
    context: GET_VAR '<this>: com.example.demotodo.LoginActivity declared in com.example.demotodo.LoginActivity.onCreate' type=com.example.demotodo.LoginActivity origin=null

	at org.jetbrains.kotlin.ir.interpreter.transformer.IrConstTransformer.canBeInterpreted(IrConstTransformer.kt:132)
	at org.jetbrains.kotlin.ir.interpreter.transformer.IrConstExpressionTransformer.visitCall(IrConstExpressionTransformer.kt:49)
	at org.jetbrains.kotlin.ir.interpreter.transformer.IrConstExpressionTransformer.visitCall(IrConstExpressionTransformer.kt:26)
	at org.jetbrains.kotlin.ir.expressions.IrCall.accept(IrCall.kt:24)
	at org.jetbrains.kotlin.ir.expressions.IrExpression.transform(IrExpression.kt:24)
	at org.jetbrains.kotlin.ir.expressions.IrExpression.transform(IrExpression.kt:20)
	at org.jetbrains.kotlin.ir.util.TransformKt.transformInPlace(transform.kt:45)
	at org.jetbrains.kotlin.ir.expressions.IrMemberAccessExpression.transformChildren(IrMemberAccessExpression.kt:68)
	at org.jetbrains.kotlin.ir.visitors.IrElementTransformer$DefaultImpls.visitExpression(IrElementTransformer.kt:95)
	at org.jetbrains.kotlin.ir.interpreter.transformer.IrConstExpressionTransformer.visitExpression(IrConstExpressionTransformer.kt:26)
	at org.jetbrains.kotlin.ir.interpreter.transformer.IrConstExpressionTransformer.visitExpression(IrConstExpressionTransformer.kt:26)
	at org.jetbrains.kotlin.ir.visitors.IrElementTransformer$DefaultImpls.visitDeclarationReference(IrElementTransformer.kt:111)
	at org.jetbrains.kotlin.ir.interpreter.transformer.IrConstExpressionTransformer.visitDeclarationReference(IrConstExpressionTransformer.kt:26)
	at org.jetbrains.kotlin.ir.interpreter.transformer.IrConstExpressionTransformer.visitDeclarationReference(IrConstExpressionTransformer.kt:26)
	at org.jetbrains.kotlin.ir.visitors.IrElementTransformer$DefaultImpls.visitMemberAccess(IrElementTransformer.kt:114)
	at org.jetbrains.kotlin.ir.interpreter.transformer.IrConstExpressionTransformer.visitMemberAccess(IrConstExpressionTransformer.kt:26)
	at org.jetbrains.kotlin.ir.interpreter.transformer.IrConstExpressionTransformer.visitMemberAccess(IrConstExpressionTransformer.kt:26)
	at org.jetbrains.kotlin.ir.visitors.IrElementTransformer$DefaultImpls.visitFunctionAccess(IrElementTransformer.kt:117)
	at org.jetbrains.kotlin.ir.interpreter.transformer.IrConstExpressionTransformer.visitFunctionAccess(IrConstExpressionTransformer.kt:26)
	at org.jetbrains.kotlin.ir.interpreter.transformer.IrConstExpressionTransformer.visitFunctionAccess(IrConstExpressionTransformer.kt:26)
	at org.jetbrains.kotlin.ir.visitors.IrElementTransformer$DefaultImpls.visitCall(IrElementTransformer.kt:162)
	at org.jetbrains.kotlin.ir.interpreter.transformer.IrConstExpressionTransformer.visitCall(IrConstExpressionTransformer.kt:52)
	at org.jetbrains.kotlin.ir.interpreter.transformer.IrConstExpressionTransformer.visitCall(IrConstExpressionTransformer.kt:26)
	at org.jetbrains.kotlin.ir.expressions.IrCall.accept(IrCall.kt:24)
	at org.jetbrains.kotlin.ir.expressions.IrExpression.transform(IrExpression.kt:24)
	at org.jetbrains.kotlin.ir.expressions.IrExpression.transform(IrExpression.kt:20)
	at org.jetbrains.kotlin.ir.util.TransformKt.transformInPlace(transform.kt:35)
	at org.jetbrains.kotlin.ir.expressions.IrBlockBody.transformChildren(IrBlockBody.kt:27)
	at org.jetbrains.kotlin.ir.visitors.IrElementTransformer$DefaultImpls.visitBody(IrElementTransformer.kt:100)
	at org.jetbrains.kotlin.ir.interpreter.transformer.IrConstExpressionTransformer.visitBody(IrConstExpressionTransformer.kt:26)
	at org.jetbrains.kotlin.ir.interpreter.transformer.IrConstExpressionTransformer.visitBody(IrConstExpressionTransformer.kt:26)
	at org.jetbrains.kotlin.ir.visitors.IrElementTransformer$DefaultImpls.visitBlockBody(IrElementTransformer.kt:108)
	at org.jetbrains.kotlin.ir.interpreter.transformer.IrConstExpressionTransformer.visitBlockBody(IrConstExpressionTransformer.kt:26)
	at org.jetbrains.kotlin.ir.interpreter.transformer.IrConstExpressionTransformer.visitBlockBody(IrConstExpressionTransformer.kt:26)
	at org.jetbrains.kotlin.ir.expressions.IrBlockBody.accept(IrBlockBody.kt:20)
	at org.jetbrains.kotlin.ir.expressions.IrBody.transform(IrBody.kt:20)
	at org.jetbrains.kotlin.ir.declarations.IrFunction.transformChildren(IrFunction.kt:58)
	at org.jetbrains.kotlin.ir.visitors.IrElementTransformer$DefaultImpls.visitDeclaration(IrElementTransformer.kt:27)
	at org.jetbrains.kotlin.ir.interpreter.transformer.IrConstExpressionTransformer.visitDeclaration(IrConstExpressionTransformer.kt:26)
	at org.jetbrains.kotlin.ir.interpreter.transformer.IrConstExpressionTransformer.visitDeclaration(IrConstExpressionTransformer.kt:26)
	at org.jetbrains.kotlin.ir.visitors.IrElementTransformer$DefaultImpls.visitFunction(IrElementTransformer.kt:44)
	at org.jetbrains.kotlin.ir.interpreter.transformer.IrConstExpressionTransformer.visitFunction(IrConstExpressionTransformer.kt:45)
	at org.jetbrains.kotlin.ir.interpreter.transformer.IrConstExpressionTransformer.visitFunction(IrConstExpressionTransformer.kt:26)
	at org.jetbrains.kotlin.ir.visitors.IrElementTransformer$DefaultImpls.visitSimpleFunction(IrElementTransformer.kt:73)
	at org.jetbrains.kotlin.ir.interpreter.transformer.IrConstExpressionTransformer.visitSimpleFunction(IrConstExpressionTransformer.kt:26)
	at org.jetbrains.kotlin.ir.interpreter.transformer.IrConstExpressionTransformer.visitSimpleFunction(IrConstExpressionTransformer.kt:26)
	at org.jetbrains.kotlin.ir.declarations.IrSimpleFunction.accept(IrSimpleFunction.kt:39)
	at org.jetbrains.kotlin.ir.IrElementBase.transform(IrElementBase.kt:33)
	at org.jetbrains.kotlin.ir.util.TransformKt.transformInPlace(transform.kt:35)
	at org.jetbrains.kotlin.ir.declarations.IrClass.transformChildren(IrClass.kt:82)
	at org.jetbrains.kotlin.ir.visitors.IrElementTransformer$DefaultImpls.visitDeclaration(IrElementTransformer.kt:27)
	at org.jetbrains.kotlin.ir.interpreter.transformer.IrConstExpressionTransformer.visitDeclaration(IrConstExpressionTransformer.kt:26)
	at org.jetbrains.kotlin.ir.interpreter.transformer.IrConstExpressionTransformer.visitDeclaration(IrConstExpressionTransformer.kt:26)
	at org.jetbrains.kotlin.ir.visitors.IrElementTransformer$DefaultImpls.visitClass(IrElementTransformer.kt:35)
	at org.jetbrains.kotlin.ir.interpreter.transformer.IrConstExpressionTransformer.visitClass(IrConstExpressionTransformer.kt:26)
	at org.jetbrains.kotlin.ir.interpreter.transformer.IrConstExpressionTransformer.visitClass(IrConstExpressionTransformer.kt:26)
	at org.jetbrains.kotlin.ir.declarations.IrClass.accept(IrClass.kt:72)
	at org.jetbrains.kotlin.ir.IrElementBase.transform(IrElementBase.kt:33)
	at org.jetbrains.kotlin.ir.util.TransformKt.transformInPlace(transform.kt:35)
	at org.jetbrains.kotlin.ir.declarations.IrFile.transformChildren(IrFile.kt:38)
	at org.jetbrains.kotlin.ir.visitors.IrElementTransformer$DefaultImpls.visitFile(IrElementTransformer.kt:90)
	at org.jetbrains.kotlin.ir.interpreter.transformer.IrConstExpressionTransformer.visitFile(IrConstExpressionTransformer.kt:26)
	at org.jetbrains.kotlin.ir.interpreter.transformer.IrConstExpressionTransformer.visitFile(IrConstExpressionTransformer.kt:26)
	at org.jetbrains.kotlin.ir.declarations.IrFile.accept(IrFile.kt:28)
	at org.jetbrains.kotlin.ir.declarations.IrFile.transform(IrFile.kt:31)
	at org.jetbrains.kotlin.ir.interpreter.transformer.IrConstTransformerKt.runConstOptimizations(IrConstTransformer.kt:77)
	at org.jetbrains.kotlin.backend.common.lower.ConstEvaluationLowering.lower(ConstEvaluationLowering.kt:36)
	at org.jetbrains.kotlin.backend.common.FileLoweringPass.lower(Lower.kt:42)
	at org.jetbrains.kotlin.backend.common.phaser.PhaseBuildersKt.makeIrModulePhase$lambda$5(PhaseBuilders.kt:110)
	at org.jetbrains.kotlin.backend.common.phaser.PhaseBuildersKt$createSimpleNamedCompilerPhase$1.phaseBody(PhaseBuilders.kt:69)
	at org.jetbrains.kotlin.backend.common.phaser.SimpleNamedCompilerPhase.phaseBody(CompilerPhase.kt:226)
	at org.jetbrains.kotlin.backend.common.phaser.AbstractNamedCompilerPhase.invoke(CompilerPhase.kt:113)
	at org.jetbrains.kotlin.backend.common.phaser.CompositePhase.invoke(PhaseBuilders.kt:27)
	at org.jetbrains.kotlin.backend.common.phaser.CompositePhase.invoke(PhaseBuilders.kt:14)
	at org.jetbrains.kotlin.backend.common.phaser.NamedCompilerPhase.phaseBody(CompilerPhase.kt:166)
	at org.jetbrains.kotlin.backend.common.phaser.AbstractNamedCompilerPhase.invoke(CompilerPhase.kt:113)
	at org.jetbrains.kotlin.backend.common.phaser.CompilerPhaseKt.invokeToplevel(CompilerPhase.kt:62)
	at org.jetbrains.kotlin.backend.jvm.JvmIrCodegenFactory.invokeLowerings(JvmIrCodegenFactory.kt:358)
	at org.jetbrains.kotlin.codegen.CodegenFactory.generateModule(CodegenFactory.kt:46)
	at org.jetbrains.kotlin.backend.jvm.JvmIrCodegenFactory.generateModuleInFrontendIRMode(JvmIrCodegenFactory.kt:433)
	at org.jetbrains.kotlin.cli.jvm.compiler.pipeline.JvmCompilerPipelineKt.generateCodeFromIr(jvmCompilerPipeline.kt:246)
	at org.jetbrains.kotlin.cli.jvm.compiler.pipeline.JvmCompilerPipelineKt.compileModulesUsingFrontendIrAndLightTree(jvmCompilerPipeline.kt:142)
	at org.jetbrains.kotlin.cli.jvm.K2JVMCompiler.doExecute(K2JVMCompiler.kt:148)
	at org.jetbrains.kotlin.cli.jvm.K2JVMCompiler.doExecute(K2JVMCompiler.kt:43)
	at org.jetbrains.kotlin.cli.common.CLICompiler.execImpl(CLICompiler.kt:103)
	at org.jetbrains.kotlin.cli.common.CLICompiler.execImpl(CLICompiler.kt:49)
	at org.jetbrains.kotlin.cli.common.CLITool.exec(CLITool.kt:101)
	at org.jetbrains.kotlin.incremental.IncrementalJvmCompilerRunner.runCompiler(IncrementalJvmCompilerRunner.kt:464)
	at org.jetbrains.kotlin.incremental.IncrementalJvmCompilerRunner.runCompiler(IncrementalJvmCompilerRunner.kt:73)
	at org.jetbrains.kotlin.incremental.IncrementalCompilerRunner.doCompile(IncrementalCompilerRunner.kt:506)
	at org.jetbrains.kotlin.incremental.IncrementalCompilerRunner.compileImpl(IncrementalCompilerRunner.kt:423)
	at org.jetbrains.kotlin.incremental.IncrementalCompilerRunner.tryCompileIncrementally$lambda$9$compile(IncrementalCompilerRunner.kt:249)
	at org.jetbrains.kotlin.incremental.IncrementalCompilerRunner.tryCompileIncrementally(IncrementalCompilerRunner.kt:267)
	at org.jetbrains.kotlin.incremental.IncrementalCompilerRunner.compile(IncrementalCompilerRunner.kt:120)
	at org.jetbrains.kotlin.daemon.CompileServiceImplBase.execIncrementalCompiler(CompileServiceImpl.kt:675)
	at org.jetbrains.kotlin.daemon.CompileServiceImplBase.access$execIncrementalCompiler(CompileServiceImpl.kt:92)
	at org.jetbrains.kotlin.daemon.CompileServiceImpl.compile(CompileServiceImpl.kt:1660)
	at java.base/jdk.internal.reflect.DirectMethodHandleAccessor.invoke(Unknown Source)
	at java.base/java.lang.reflect.Method.invoke(Unknown Source)
	at java.rmi/sun.rmi.server.UnicastServerRef.dispatch(Unknown Source)
	at java.rmi/sun.rmi.transport.Transport$1.run(Unknown Source)
	at java.rmi/sun.rmi.transport.Transport$1.run(Unknown Source)
	at java.base/java.security.AccessController.doPrivileged(Unknown Source)
	at java.rmi/sun.rmi.transport.Transport.serviceCall(Unknown Source)
	at java.rmi/sun.rmi.transport.tcp.TCPTransport.handleMessages(Unknown Source)
	at java.rmi/sun.rmi.transport.tcp.TCPTransport$ConnectionHandler.run0(Unknown Source)
	at java.rmi/sun.rmi.transport.tcp.TCPTransport$ConnectionHandler.lambda$run$0(Unknown Source)
	at java.base/java.security.AccessController.doPrivileged(Unknown Source)
	at java.rmi/sun.rmi.transport.tcp.TCPTransport$ConnectionHandler.run(Unknown Source)
	at java.base/java.util.concurrent.ThreadPoolExecutor.runWorker(Unknown Source)
	at java.base/java.util.concurrent.ThreadPoolExecutor$Worker.run(Unknown Source)
	at java.base/java.lang.Thread.run(Unknown Source)
Caused by: java.lang.AssertionError: Error occurred while optimizing an expression:
CALL 'public abstract fun userDao (): @[FlexibleNullability] com.example.demotodo.DAO.UserDao? declared in com.example.demotodo.data.AppDatabase' type=@[FlexibleNullability] com.example.demotodo.DAO.UserDao? origin=null
  $this: CALL 'public open fun getDatabase (context: @[FlexibleNullability] android.content.Context?): @[FlexibleNullability] com.example.demotodo.data.AppDatabase? declared in com.example.demotodo.data.AppDatabase' type=@[FlexibleNullability] com.example.demotodo.data.AppDatabase? origin=null
    context: GET_VAR '<this>: com.example.demotodo.LoginActivity declared in com.example.demotodo.LoginActivity.onCreate' type=com.example.demotodo.LoginActivity origin=null

	... 112 more
Caused by: java.lang.IllegalStateException: Annotation argument value cannot be null: null
	at org.jetbrains.kotlin.load.java.structure.impl.JavaElementCollectionFromPsiArrayUtil.namedAnnotationArguments(JavaElementCollectionFromPsiArrayUtil.kt:84)
	at org.jetbrains.kotlin.load.java.structure.impl.JavaAnnotationImpl.getArguments(JavaAnnotationImpl.java:47)
	at org.jetbrains.kotlin.fir.java.JavaAnnotationsMappingKt$buildFirAnnotation$argumentMapping$1.mapping_delegate$lambda$3(javaAnnotationsMapping.kt:386)
	at kotlin.SynchronizedLazyImpl.getValue(LazyJVM.kt:74)
	at org.jetbrains.kotlin.fir.java.JavaAnnotationsMappingKt$buildFirAnnotation$argumentMapping$1.getMapping(javaAnnotationsMapping.kt:359)
	at org.jetbrains.kotlin.fir.backend.generators.CallAndReferenceGenerator.toAnnotationCall(CallAndReferenceGenerator.kt:956)
	at org.jetbrains.kotlin.fir.backend.generators.CallAndReferenceGenerator.convertToIrConstructorCall(CallAndReferenceGenerator.kt:938)
	at org.jetbrains.kotlin.fir.lazy.AbstractFir2IrLazyDeclaration.createLazyAnnotations$lambda$1(AbstractFir2IrLazyDeclaration.kt:30)
	at org.jetbrains.kotlin.ir.declarations.lazy.SynchronizedLazyVar.getValue(lazyUtil.kt:29)
	at org.jetbrains.kotlin.ir.declarations.lazy.SynchronizedLazyVar.getValue(lazyUtil.kt:40)
	at org.jetbrains.kotlin.fir.lazy.Fir2IrLazyClass.getAnnotations(Fir2IrLazyClass.kt:54)
	at org.jetbrains.kotlin.ir.interpreter.UtilsKt.hasAnnotation(Utils.kt:62)
	at org.jetbrains.kotlin.ir.interpreter.checker.EvaluationMode.isMarkedWith(EvaluationMode.kt:49)
	at org.jetbrains.kotlin.ir.interpreter.checker.EvaluationMode.isMarkedWith(EvaluationMode.kt:50)
	at org.jetbrains.kotlin.ir.interpreter.checker.EvaluationMode.isMarkedAsIntrinsicConstEvaluation(EvaluationMode.kt:45)
	at org.jetbrains.kotlin.ir.interpreter.checker.EvaluationMode$OnlyIntrinsicConst.canEvaluateFunction(EvaluationMode.kt:139)
	at org.jetbrains.kotlin.ir.interpreter.checker.IrInterpreterCommonChecker.visitCall(IrInterpreterCommonChecker.kt:66)
	at org.jetbrains.kotlin.ir.interpreter.checker.IrInterpreterCommonChecker.visitCall(IrInterpreterCommonChecker.kt:24)
	at org.jetbrains.kotlin.ir.expressions.IrCall.accept(IrCall.kt:24)
	at org.jetbrains.kotlin.ir.interpreter.transformer.IrConstTransformer.canBeInterpreted(IrConstTransformer.kt:126)
	... 111 more


